<?xml version="1.0" encoding="UTF-8"?>
<!-- Generated by org.testng.reporters.JUnitReportReporter -->
<testsuite hostname="Vladimir" name="com.diplom.AddressTest" tests="1" failures="0" timestamp="7 Jan 2016 08:54:15 GMT" time="2.044" errors="0">
  <testcase name="testAddNewAddress" time="2.044" classname="com.diplom.AddressTest"/>
</testsuite> <!-- com.diplom.AddressTest -->
