<?xml version="1.0" encoding="UTF-8"?>
<!-- Generated by org.testng.reporters.JUnitReportReporter -->
<testsuite hostname="Vladimir" name="com.diplom.GroupTest" tests="3" failures="0" timestamp="13 Feb 2016 16:36:50 GMT" time="1.950" errors="0">
  <testcase name="testUpdateGroup" time="0.818" classname="com.diplom.GroupTest"/>
  <testcase name="testDeleteGroup" time="0.240" classname="com.diplom.GroupTest"/>
  <testcase name="testAddNewGroup" time="0.892" classname="com.diplom.GroupTest"/>
</testsuite> <!-- com.diplom.GroupTest -->
