<?xml version="1.0" encoding="UTF-8"?>
<!-- Generated by org.testng.reporters.JUnitReportReporter -->
<testsuite hostname="Vova-PC" name="com.crmtronic2_0.CustomerTest" tests="1" failures="0" timestamp="19 Oct 2015 13:13:21 GMT" time="14.032" errors="0">
  <testcase name="testEditCustomerTabIntPassport" time="14.032" classname="com.crmtronic2_0.CustomerTest"/>
</testsuite> <!-- com.crmtronic2_0.CustomerTest -->
