<?xml version="1.0" encoding="UTF-8"?>
<!-- Generated by org.testng.reporters.JUnitReportReporter -->
<testsuite hostname="Vladimir" name="com.diplom.AddressTest" tests="4" failures="0" timestamp="13 Feb 2016 16:36:50 GMT" time="4.812" errors="0">
  <testcase name="testDeleteAddress" time="0.405" classname="com.diplom.AddressTest"/>
  <testcase name="testAddNewAddress" time="2.070" classname="com.diplom.AddressTest"/>
  <testcase name="testUpdateAddress" time="1.881" classname="com.diplom.AddressTest"/>
  <testcase name="testAddAddressToGroup" time="0.456" classname="com.diplom.AddressTest"/>
</testsuite> <!-- com.diplom.AddressTest -->
