<?xml version="1.0" encoding="UTF-8"?>
<!-- Generated by org.testng.reporters.JUnitReportReporter -->
<testsuite hostname="Vova-PC" name="com.crmtronic2_0.LoginTest" tests="1" failures="0" timestamp="16 Oct 2015 17:02:24 GMT" time="33.395" errors="0">
  <testcase name="testLoginOk" time="33.395" classname="com.crmtronic2_0.LoginTest"/>
</testsuite> <!-- com.crmtronic2_0.LoginTest -->
