<?xml version="1.0" encoding="UTF-8"?>
<!-- Generated by org.testng.reporters.JUnitReportReporter -->
<testsuite hostname="Vova-PC" name="com.crmtronic2_0.RegistrationTest" tests="1" failures="0" timestamp="16 Oct 2015 17:02:24 GMT" time="80.376" errors="0">
  <testcase name="testRegistrationOk" time="80.376" classname="com.crmtronic2_0.RegistrationTest"/>
</testsuite> <!-- com.crmtronic2_0.RegistrationTest -->
