<?xml version="1.0" encoding="UTF-8"?>
<!-- Generated by org.testng.reporters.JUnitReportReporter -->
<testsuite hostname="Vova-PC" name="com.crmtronic2_0.TaskTest" tests="1" failures="0" timestamp="19 Oct 2015 13:22:36 GMT" time="6.615" errors="0">
  <testcase name="testAddNewTask" time="6.615" classname="com.crmtronic2_0.TaskTest"/>
</testsuite> <!-- com.crmtronic2_0.TaskTest -->
