<?xml version="1.0" encoding="UTF-8"?>
<!-- Generated by org.testng.reporters.JUnitReportReporter -->
<testsuite hostname="Vladimir" name="com.diplom.AddressTest" tests="1" failures="0" timestamp="29 Nov 2015 15:38:18 GMT" time="2.962" errors="0">
  <testcase name="testAddNewAddress" time="2.962" classname="com.diplom.AddressTest"/>
</testsuite> <!-- com.diplom.AddressTest -->
