<?xml version="1.0" encoding="UTF-8"?>
<!-- Generated by org.testng.reporters.JUnitReportReporter -->
<testsuite hostname="Vladimir" name="com.diplom.GroupTest" tests="1" failures="0" timestamp="7 Jan 2016 08:54:15 GMT" time="0.908" errors="0">
  <testcase name="testAddNewGroup" time="0.908" classname="com.diplom.GroupTest"/>
</testsuite> <!-- com.diplom.GroupTest -->
