<?xml version="1.0" encoding="UTF-8"?>
<!-- Generated by org.testng.reporters.JUnitReportReporter -->
<testsuite hostname="Vladimir" name="com.diplom.AddressTest" tests="1" failures="0" timestamp="4 Jan 2016 21:38:29 GMT" time="2.245" errors="0">
  <testcase name="testAddNewAddress" time="2.245" classname="com.diplom.AddressTest"/>
</testsuite> <!-- com.diplom.AddressTest -->
